[0.570s] [34mcolcon[0m [1;30mDEBUG[0m [32mCommand line arguments: ['/usr/bin/colcon', 'build'][0m
[0.570s] [34mcolcon[0m [1;30mDEBUG[0m [32mParsed command line arguments: Namespace(log_base=None, log_level=None, verb_name='build', build_base='build', install_base='install', merge_install=False, symlink_install=False, test_result_base=None, continue_on_error=False, executor='parallel', parallel_workers=8, event_handlers=None, ignore_user_meta=False, metas=['./colcon.meta'], base_paths=['.'], packages_ignore=None, packages_ignore_regex=None, paths=None, packages_up_to=None, packages_up_to_regex=None, packages_above=None, packages_above_and_dependencies=None, packages_above_depth=None, packages_select_by_dep=None, packages_skip_by_dep=None, packages_skip_up_to=None, packages_select_build_failed=False, packages_skip_build_finished=False, packages_select_test_failures=False, packages_skip_test_passed=False, packages_select=None, packages_skip=None, packages_select_regex=None, packages_skip_regex=None, packages_start=None, packages_end=None, cmake_args=None, cmake_target=None, cmake_target_skip_unavailable=False, cmake_clean_cache=False, cmake_clean_first=False, cmake_force_configure=False, ament_cmake_args=None, catkin_cmake_args=None, catkin_skip_building_tests=False, verb_parser=<colcon_defaults.argument_parser.defaults.DefaultArgumentsDecorator object at 0x7f6c9985f9d0>, verb_extension=<colcon_core.verb.build.BuildVerb object at 0x7f6c99f948d0>, main=<bound method BuildVerb.main of <colcon_core.verb.build.BuildVerb object at 0x7f6c99f948d0>>)[0m
[0.641s] [34mcolcon.colcon_core.package_discovery[0m [1;30mLevel 1[0m discover_packages(colcon_meta) check parameters
[0.641s] [34mcolcon.colcon_core.package_discovery[0m [1;30mLevel 1[0m discover_packages(recursive) check parameters
[0.641s] [34mcolcon.colcon_core.package_discovery[0m [1;30mLevel 1[0m discover_packages(ignore) check parameters
[0.641s] [34mcolcon.colcon_core.package_discovery[0m [1;30mLevel 1[0m discover_packages(path) check parameters
[0.642s] [34mcolcon.colcon_core.package_discovery[0m [1;30mLevel 1[0m discover_packages(colcon_meta) discover
[0.642s] [34mcolcon.colcon_core.package_discovery[0m [1;30mLevel 1[0m discover_packages(recursive) discover
[0.642s] [34mcolcon.colcon_core.package_discovery[0m [1;30mINFO[0m Crawling recursively for packages in '/home/robotino/ros2_honies_ws/src/hthesis3'
[0.642s] [34mcolcon.colcon_core.package_identification[0m [1;30mLevel 1[0m _identify(.) by extensions ['ignore', 'ignore_ament_install']
[0.642s] [34mcolcon.colcon_core.package_identification[0m [1;30mLevel 1[0m _identify(.) by extension 'ignore'
[0.642s] [34mcolcon.colcon_core.package_identification[0m [1;30mLevel 1[0m _identify(.) by extension 'ignore_ament_install'
[0.642s] [34mcolcon.colcon_core.package_identification[0m [1;30mLevel 1[0m _identify(.) by extensions ['colcon_pkg']
[0.642s] [34mcolcon.colcon_core.package_identification[0m [1;30mLevel 1[0m _identify(.) by extension 'colcon_pkg'
[0.642s] [34mcolcon.colcon_core.package_identification[0m [1;30mLevel 1[0m _identify(.) by extensions ['colcon_meta']
[0.642s] [34mcolcon.colcon_core.package_identification[0m [1;30mLevel 1[0m _identify(.) by extension 'colcon_meta'
[0.643s] [34mcolcon.colcon_core.package_identification[0m [1;30mLevel 1[0m _identify(.) by extensions ['ros']
[0.643s] [34mcolcon.colcon_core.package_identification[0m [1;30mLevel 1[0m _identify(.) by extension 'ros'
[0.673s] [34mcolcon.colcon_core.package_identification[0m [1;30mDEBUG[0m [32mPackage '.' with type 'ros.ament_python' and name 'hthesis3'[0m
[0.674s] [34mcolcon.colcon_core.package_discovery[0m [1;30mLevel 1[0m discover_packages(recursive) using defaults
[0.674s] [34mcolcon.colcon_core.package_discovery[0m [1;30mLevel 1[0m discover_packages(ignore) discover
[0.674s] [34mcolcon.colcon_core.package_discovery[0m [1;30mLevel 1[0m discover_packages(ignore) using defaults
[0.674s] [34mcolcon.colcon_core.package_discovery[0m [1;30mLevel 1[0m discover_packages(path) discover
[0.674s] [34mcolcon.colcon_core.package_discovery[0m [1;30mLevel 1[0m discover_packages(path) using defaults
[0.702s] [34mcolcon.colcon_core.verb[0m [1;30mLevel 5[0m set package 'hthesis3' build argument 'cmake_args' from command line to 'None'
[0.702s] [34mcolcon.colcon_core.verb[0m [1;30mLevel 5[0m set package 'hthesis3' build argument 'cmake_target' from command line to 'None'
[0.703s] [34mcolcon.colcon_core.verb[0m [1;30mLevel 5[0m set package 'hthesis3' build argument 'cmake_target_skip_unavailable' from command line to 'False'
[0.703s] [34mcolcon.colcon_core.verb[0m [1;30mLevel 5[0m set package 'hthesis3' build argument 'cmake_clean_cache' from command line to 'False'
[0.703s] [34mcolcon.colcon_core.verb[0m [1;30mLevel 5[0m set package 'hthesis3' build argument 'cmake_clean_first' from command line to 'False'
[0.703s] [34mcolcon.colcon_core.verb[0m [1;30mLevel 5[0m set package 'hthesis3' build argument 'cmake_force_configure' from command line to 'False'
[0.703s] [34mcolcon.colcon_core.verb[0m [1;30mLevel 5[0m set package 'hthesis3' build argument 'ament_cmake_args' from command line to 'None'
[0.703s] [34mcolcon.colcon_core.verb[0m [1;30mLevel 5[0m set package 'hthesis3' build argument 'catkin_cmake_args' from command line to 'None'
[0.703s] [34mcolcon.colcon_core.verb[0m [1;30mLevel 5[0m set package 'hthesis3' build argument 'catkin_skip_building_tests' from command line to 'False'
[0.703s] [34mcolcon.colcon_core.verb[0m [1;30mDEBUG[0m [32mBuilding package 'hthesis3' with the following arguments: {'ament_cmake_args': None, 'build_base': '/home/robotino/ros2_honies_ws/src/hthesis3/build/hthesis3', 'catkin_cmake_args': None, 'catkin_skip_building_tests': False, 'cmake_args': None, 'cmake_clean_cache': False, 'cmake_clean_first': False, 'cmake_force_configure': False, 'cmake_target': None, 'cmake_target_skip_unavailable': False, 'install_base': '/home/robotino/ros2_honies_ws/src/hthesis3/install/hthesis3', 'merge_install': False, 'path': '/home/robotino/ros2_honies_ws/src/hthesis3', 'symlink_install': False, 'test_result_base': None}[0m
[0.704s] [34mcolcon.colcon_core.executor[0m [1;30mINFO[0m Executing jobs using 'parallel' executor
[0.708s] [34mcolcon.colcon_parallel_executor.executor.parallel[0m [1;30mDEBUG[0m [32mrun_until_complete[0m
[0.709s] [34mcolcon.colcon_ros.task.ament_python.build[0m [1;30mINFO[0m Building ROS package in '/home/robotino/ros2_honies_ws/src/hthesis3' with build type 'ament_python'
[0.709s] [34mcolcon.colcon_core.shell[0m [1;30mLevel 1[0m create_environment_hook('hthesis3', 'ament_prefix_path')
[0.716s] [34mcolcon.colcon_core.plugin_system[0m [1;30mINFO[0m Skipping extension 'colcon_core.shell.bat': Not used on non-Windows systems
[0.717s] [34mcolcon.colcon_core.shell[0m [1;30mINFO[0m Creating environment hook '/home/robotino/ros2_honies_ws/src/hthesis3/install/hthesis3/share/hthesis3/hook/ament_prefix_path.ps1'
[0.717s] [34mcolcon.colcon_core.shell[0m [1;30mINFO[0m Creating environment descriptor '/home/robotino/ros2_honies_ws/src/hthesis3/install/hthesis3/share/hthesis3/hook/ament_prefix_path.dsv'
[0.718s] [34mcolcon.colcon_core.shell[0m [1;30mINFO[0m Creating environment hook '/home/robotino/ros2_honies_ws/src/hthesis3/install/hthesis3/share/hthesis3/hook/ament_prefix_path.sh'
[0.721s] [34mcolcon.colcon_core.shell[0m [1;30mINFO[0m Skip shell extension 'powershell' for command environment: Not usable outside of PowerShell
[0.721s] [34mcolcon.colcon_core.shell[0m [1;30mDEBUG[0m [32mSkip shell extension 'dsv' for command environment[0m
[1.727s] [34mcolcon.colcon_core.task.python.build[0m [1;30mINFO[0m Building Python package in '/home/robotino/ros2_honies_ws/src/hthesis3'
[1.729s] [34mcolcon.colcon_core.shell[0m [1;30mINFO[0m Skip shell extension 'powershell' for command environment: Not usable outside of PowerShell
[1.729s] [34mcolcon.colcon_core.shell[0m [1;30mDEBUG[0m [32mSkip shell extension 'dsv' for command environment[0m
[2.980s] [34mcolcon.colcon_core.event_handler.log_command[0m [1;30mDEBUG[0m [32mInvoking command in '/home/robotino/ros2_honies_ws/src/hthesis3': DEBUGINFOD_URLS=https://debuginfod.fedoraproject.org/ PYTHONPATH=/home/robotino/ros2_honies_ws/src/hthesis3/build/hthesis3/prefix_override:/home/robotino/ros2_honies_ws/src/hthesis3/install/hthesis3/lib/python3.11/site-packages:${PYTHONPATH} _=/usr/bin/env __GIT_PROMPT_WITH_USERNAME_AND_REPO=${__GIT_PROMPT_WITH_USERNAME_AND_REPO}
BASH_FUNC_ml%%=() {  eval "$($LMOD_DIR/ml_cmd "$@")"
}
BASH_FUNC_module%%=() {  if [ -z "${LMOD_SH_DBG_ON+x}" ]; then
 case "$-" in
 *v*x*)
 __lmod_sh_dbg='vx'
 ;;
 *v*)
 __lmod_sh_dbg='v'
 ;;
 *x*)
 __lmod_sh_dbg='x'
 ;;
 esac;
 fi;
 if [ -n "${__lmod_sh_dbg:-}" ]; then
 set +$__lmod_sh_dbg;
 echo "Shell debugging temporarily silenced: export LMOD_SH_DBG_ON=1 for Lmod's output" 1>&2;
 fi;
 eval "$($LMOD_CMD shell "$@")" && eval "$(${LMOD_SETTARG_CMD:-:} -s sh)";
 __lmod_my_status=$?;
 if [ -n "${__lmod_sh_dbg:-}" ]; then
 echo "Shell debugging restarted" 1>&2;
 set -$__lmod_sh_dbg;
 fi;
 unset __lmod_sh_dbg;
 return $__lmod_my_status
} /usr/bin/python3 setup.py egg_info --egg-base build/hthesis3 build --build-base /home/robotino/ros2_honies_ws/src/hthesis3/build/hthesis3/build install --record /home/robotino/ros2_honies_ws/src/hthesis3/build/hthesis3/install.log --single-version-externally-managed[0m
[5.075s] [34mcolcon.colcon_core.event_handler.log_command[0m [1;30mDEBUG[0m [32mInvoked command in '/home/robotino/ros2_honies_ws/src/hthesis3' returned '0': DEBUGINFOD_URLS=https://debuginfod.fedoraproject.org/ PYTHONPATH=/home/robotino/ros2_honies_ws/src/hthesis3/build/hthesis3/prefix_override:/home/robotino/ros2_honies_ws/src/hthesis3/install/hthesis3/lib/python3.11/site-packages:${PYTHONPATH} _=/usr/bin/env __GIT_PROMPT_WITH_USERNAME_AND_REPO=${__GIT_PROMPT_WITH_USERNAME_AND_REPO}
BASH_FUNC_ml%%=() {  eval "$($LMOD_DIR/ml_cmd "$@")"
}
BASH_FUNC_module%%=() {  if [ -z "${LMOD_SH_DBG_ON+x}" ]; then
 case "$-" in
 *v*x*)
 __lmod_sh_dbg='vx'
 ;;
 *v*)
 __lmod_sh_dbg='v'
 ;;
 *x*)
 __lmod_sh_dbg='x'
 ;;
 esac;
 fi;
 if [ -n "${__lmod_sh_dbg:-}" ]; then
 set +$__lmod_sh_dbg;
 echo "Shell debugging temporarily silenced: export LMOD_SH_DBG_ON=1 for Lmod's output" 1>&2;
 fi;
 eval "$($LMOD_CMD shell "$@")" && eval "$(${LMOD_SETTARG_CMD:-:} -s sh)";
 __lmod_my_status=$?;
 if [ -n "${__lmod_sh_dbg:-}" ]; then
 echo "Shell debugging restarted" 1>&2;
 set -$__lmod_sh_dbg;
 fi;
 unset __lmod_sh_dbg;
 return $__lmod_my_status
} /usr/bin/python3 setup.py egg_info --egg-base build/hthesis3 build --build-base /home/robotino/ros2_honies_ws/src/hthesis3/build/hthesis3/build install --record /home/robotino/ros2_honies_ws/src/hthesis3/build/hthesis3/install.log --single-version-externally-managed[0m
[5.079s] [34mcolcon.colcon_core.environment[0m [1;30mLevel 1[0m checking '/home/robotino/ros2_honies_ws/src/hthesis3/install/hthesis3' for CMake module files
[5.079s] [34mcolcon.colcon_core.environment[0m [1;30mLevel 1[0m checking '/home/robotino/ros2_honies_ws/src/hthesis3/install/hthesis3' for CMake config files
[5.080s] [34mcolcon.colcon_core.environment[0m [1;30mLevel 1[0m checking '/home/robotino/ros2_honies_ws/src/hthesis3/install/hthesis3/lib'
[5.080s] [34mcolcon.colcon_core.environment[0m [1;30mLevel 1[0m checking '/home/robotino/ros2_honies_ws/src/hthesis3/install/hthesis3/bin'
[5.080s] [34mcolcon.colcon_core.environment[0m [1;30mLevel 1[0m checking '/home/robotino/ros2_honies_ws/src/hthesis3/install/hthesis3/lib/pkgconfig/hthesis3.pc'
[5.080s] [34mcolcon.colcon_core.environment[0m [1;30mLevel 1[0m checking '/home/robotino/ros2_honies_ws/src/hthesis3/install/hthesis3/lib/python3.11/site-packages'
[5.080s] [34mcolcon.colcon_core.shell[0m [1;30mLevel 1[0m create_environment_hook('hthesis3', 'pythonpath')
[5.082s] [34mcolcon.colcon_core.shell[0m [1;30mINFO[0m Creating environment hook '/home/robotino/ros2_honies_ws/src/hthesis3/install/hthesis3/share/hthesis3/hook/pythonpath.ps1'
[5.083s] [34mcolcon.colcon_core.shell[0m [1;30mINFO[0m Creating environment descriptor '/home/robotino/ros2_honies_ws/src/hthesis3/install/hthesis3/share/hthesis3/hook/pythonpath.dsv'
[5.083s] [34mcolcon.colcon_core.shell[0m [1;30mINFO[0m Creating environment hook '/home/robotino/ros2_honies_ws/src/hthesis3/install/hthesis3/share/hthesis3/hook/pythonpath.sh'
[5.084s] [34mcolcon.colcon_core.environment[0m [1;30mLevel 1[0m checking '/home/robotino/ros2_honies_ws/src/hthesis3/install/hthesis3/bin'
[5.084s] [34mcolcon.colcon_core.environment[0m [1;30mLevel 1[0m create_environment_scripts_only(hthesis3)
[5.086s] [34mcolcon.colcon_core.shell[0m [1;30mINFO[0m Creating package script '/home/robotino/ros2_honies_ws/src/hthesis3/install/hthesis3/share/hthesis3/package.ps1'
[5.087s] [34mcolcon.colcon_core.shell[0m [1;30mINFO[0m Creating package descriptor '/home/robotino/ros2_honies_ws/src/hthesis3/install/hthesis3/share/hthesis3/package.dsv'
[5.089s] [34mcolcon.colcon_core.shell[0m [1;30mINFO[0m Creating package script '/home/robotino/ros2_honies_ws/src/hthesis3/install/hthesis3/share/hthesis3/package.sh'
[5.089s] [34mcolcon.colcon_core.shell[0m [1;30mINFO[0m Creating package script '/home/robotino/ros2_honies_ws/src/hthesis3/install/hthesis3/share/hthesis3/package.bash'
[5.090s] [34mcolcon.colcon_core.shell[0m [1;30mINFO[0m Creating package script '/home/robotino/ros2_honies_ws/src/hthesis3/install/hthesis3/share/hthesis3/package.zsh'
[5.091s] [34mcolcon.colcon_core.environment[0m [1;30mLevel 1[0m create_file_with_runtime_dependencies(/home/robotino/ros2_honies_ws/src/hthesis3/install/hthesis3/share/colcon-core/packages/hthesis3)
[5.091s] [34mcolcon.colcon_parallel_executor.executor.parallel[0m [1;30mDEBUG[0m [32mclosing loop[0m
[5.091s] [34mcolcon.colcon_parallel_executor.executor.parallel[0m [1;30mDEBUG[0m [32mloop closed[0m
[5.092s] [34mcolcon.colcon_parallel_executor.executor.parallel[0m [1;30mDEBUG[0m [32mrun_until_complete finished with '0'[0m
[5.092s] [34mcolcon.colcon_core.event_reactor[0m [1;30mDEBUG[0m [32mjoining thread[0m
[5.100s] [34mcolcon.colcon_core.plugin_system[0m [1;30mINFO[0m Skipping extension 'colcon_notification.desktop_notification.terminal_notifier': Not used on non-Darwin systems
[5.100s] [34mcolcon.colcon_core.plugin_system[0m [1;30mINFO[0m Skipping extension 'colcon_notification.desktop_notification.win32': Not used on non-Windows systems
[5.100s] [34mcolcon.colcon_notification.desktop_notification[0m [1;30mINFO[0m Sending desktop notification using 'notify2'
[5.101s] [34mcolcon.colcon_notification.desktop_notification.notify2[0m [1;30mDEBUG[0m [32mFailed to initialize notify2: org.freedesktop.DBus.Error.ServiceUnknown: The name is not activatable[0m
[5.101s] [34mcolcon.colcon_core.event_reactor[0m [1;30mDEBUG[0m [32mjoined thread[0m
[5.102s] [34mcolcon.colcon_core.shell[0m [1;30mINFO[0m Creating prefix script '/home/robotino/ros2_honies_ws/src/hthesis3/install/local_setup.ps1'
[5.103s] [34mcolcon.colcon_core.shell[0m [1;30mINFO[0m Creating prefix util module '/home/robotino/ros2_honies_ws/src/hthesis3/install/_local_setup_util_ps1.py'
[5.105s] [34mcolcon.colcon_core.shell[0m [1;30mINFO[0m Creating prefix chain script '/home/robotino/ros2_honies_ws/src/hthesis3/install/setup.ps1'
[5.108s] [34mcolcon.colcon_core.shell[0m [1;30mINFO[0m Creating prefix script '/home/robotino/ros2_honies_ws/src/hthesis3/install/local_setup.sh'
[5.108s] [34mcolcon.colcon_core.shell[0m [1;30mINFO[0m Creating prefix util module '/home/robotino/ros2_honies_ws/src/hthesis3/install/_local_setup_util_sh.py'
[5.108s] [34mcolcon.colcon_core.shell[0m [1;30mINFO[0m Creating prefix chain script '/home/robotino/ros2_honies_ws/src/hthesis3/install/setup.sh'
[5.111s] [34mcolcon.colcon_core.shell[0m [1;30mINFO[0m Creating prefix script '/home/robotino/ros2_honies_ws/src/hthesis3/install/local_setup.bash'
[5.112s] [34mcolcon.colcon_core.shell[0m [1;30mINFO[0m Creating prefix chain script '/home/robotino/ros2_honies_ws/src/hthesis3/install/setup.bash'
[5.117s] [34mcolcon.colcon_core.shell[0m [1;30mINFO[0m Creating prefix script '/home/robotino/ros2_honies_ws/src/hthesis3/install/local_setup.zsh'
[5.117s] [34mcolcon.colcon_core.shell[0m [1;30mINFO[0m Creating prefix chain script '/home/robotino/ros2_honies_ws/src/hthesis3/install/setup.zsh'
