Invoking command in '/home/robotino/ros2_honies_ws/src/hthesis3': DEBUGINFOD_URLS=https://debuginfod.fedoraproject.org/ PYTHONPATH=/home/robotino/ros2_honies_ws/src/hthesis3/build/hthesis3/prefix_override:/home/robotino/ros2_honies_ws/src/hthesis3/install/hthesis3/lib/python3.11/site-packages:${PYTHONPATH} _=/usr/bin/env __GIT_PROMPT_WITH_USERNAME_AND_REPO=${__GIT_PROMPT_WITH_USERNAME_AND_REPO}
BASH_FUNC_ml%%=() {  eval "$($LMOD_DIR/ml_cmd "$@")"
}
BASH_FUNC_module%%=() {  if [ -z "${LMOD_SH_DBG_ON+x}" ]; then
 case "$-" in
 *v*x*)
 __lmod_sh_dbg='vx'
 ;;
 *v*)
 __lmod_sh_dbg='v'
 ;;
 *x*)
 __lmod_sh_dbg='x'
 ;;
 esac;
 fi;
 if [ -n "${__lmod_sh_dbg:-}" ]; then
 set +$__lmod_sh_dbg;
 echo "Shell debugging temporarily silenced: export LMOD_SH_DBG_ON=1 for Lmod's output" 1>&2;
 fi;
 eval "$($LMOD_CMD shell "$@")" && eval "$(${LMOD_SETTARG_CMD:-:} -s sh)";
 __lmod_my_status=$?;
 if [ -n "${__lmod_sh_dbg:-}" ]; then
 echo "Shell debugging restarted" 1>&2;
 set -$__lmod_sh_dbg;
 fi;
 unset __lmod_sh_dbg;
 return $__lmod_my_status
} /usr/bin/python3 setup.py egg_info --egg-base build/hthesis3 build --build-base /home/robotino/ros2_honies_ws/src/hthesis3/build/hthesis3/build install --record /home/robotino/ros2_honies_ws/src/hthesis3/build/hthesis3/install.log --single-version-externally-managed
Invoked command in '/home/robotino/ros2_honies_ws/src/hthesis3' returned '0': DEBUGINFOD_URLS=https://debuginfod.fedoraproject.org/ PYTHONPATH=/home/robotino/ros2_honies_ws/src/hthesis3/build/hthesis3/prefix_override:/home/robotino/ros2_honies_ws/src/hthesis3/install/hthesis3/lib/python3.11/site-packages:${PYTHONPATH} _=/usr/bin/env __GIT_PROMPT_WITH_USERNAME_AND_REPO=${__GIT_PROMPT_WITH_USERNAME_AND_REPO}
BASH_FUNC_ml%%=() {  eval "$($LMOD_DIR/ml_cmd "$@")"
}
BASH_FUNC_module%%=() {  if [ -z "${LMOD_SH_DBG_ON+x}" ]; then
 case "$-" in
 *v*x*)
 __lmod_sh_dbg='vx'
 ;;
 *v*)
 __lmod_sh_dbg='v'
 ;;
 *x*)
 __lmod_sh_dbg='x'
 ;;
 esac;
 fi;
 if [ -n "${__lmod_sh_dbg:-}" ]; then
 set +$__lmod_sh_dbg;
 echo "Shell debugging temporarily silenced: export LMOD_SH_DBG_ON=1 for Lmod's output" 1>&2;
 fi;
 eval "$($LMOD_CMD shell "$@")" && eval "$(${LMOD_SETTARG_CMD:-:} -s sh)";
 __lmod_my_status=$?;
 if [ -n "${__lmod_sh_dbg:-}" ]; then
 echo "Shell debugging restarted" 1>&2;
 set -$__lmod_sh_dbg;
 fi;
 unset __lmod_sh_dbg;
 return $__lmod_my_status
} /usr/bin/python3 setup.py egg_info --egg-base build/hthesis3 build --build-base /home/robotino/ros2_honies_ws/src/hthesis3/build/hthesis3/build install --record /home/robotino/ros2_honies_ws/src/hthesis3/build/hthesis3/install.log --single-version-externally-managed
