running egg_info
writing build/hthesis3/hthesis3.egg-info/PKG-INFO
writing dependency_links to build/hthesis3/hthesis3.egg-info/dependency_links.txt
writing entry points to build/hthesis3/hthesis3.egg-info/entry_points.txt
writing requirements to build/hthesis3/hthesis3.egg-info/requires.txt
writing top-level names to build/hthesis3/hthesis3.egg-info/top_level.txt
reading manifest file 'build/hthesis3/hthesis3.egg-info/SOURCES.txt'
writing manifest file 'build/hthesis3/hthesis3.egg-info/SOURCES.txt'
running build
running build_py
copying hthesis3/inference_test.py -> /home/robotino/ros2_honies_ws/src/hthesis3/build/hthesis3/build/lib/hthesis3
copying hthesis3/tf_sniffer.py -> /home/robotino/ros2_honies_ws/src/hthesis3/build/hthesis3/build/lib/hthesis3
running install
running install_lib
copying /home/robotino/ros2_honies_ws/src/hthesis3/build/hthesis3/build/lib/hthesis3/inference_test.py -> /home/robotino/ros2_honies_ws/src/hthesis3/install/hthesis3/lib/python3.11/site-packages/hthesis3
copying /home/robotino/ros2_honies_ws/src/hthesis3/build/hthesis3/build/lib/hthesis3/tf_sniffer.py -> /home/robotino/ros2_honies_ws/src/hthesis3/install/hthesis3/lib/python3.11/site-packages/hthesis3
byte-compiling /home/robotino/ros2_honies_ws/src/hthesis3/install/hthesis3/lib/python3.11/site-packages/hthesis3/inference_test.py to inference_test.cpython-311.pyc
byte-compiling /home/robotino/ros2_honies_ws/src/hthesis3/install/hthesis3/lib/python3.11/site-packages/hthesis3/tf_sniffer.py to tf_sniffer.cpython-311.pyc
running install_data
running install_egg_info
removing '/home/robotino/ros2_honies_ws/src/hthesis3/install/hthesis3/lib/python3.11/site-packages/hthesis3-0.0.0-py3.11.egg-info' (and everything under it)
Copying build/hthesis3/hthesis3.egg-info to /home/robotino/ros2_honies_ws/src/hthesis3/install/hthesis3/lib/python3.11/site-packages/hthesis3-0.0.0-py3.11.egg-info
running install_scripts
Installing inference_test script to /home/robotino/ros2_honies_ws/src/hthesis3/install/hthesis3/lib/hthesis3
Installing tf_sniffer script to /home/robotino/ros2_honies_ws/src/hthesis3/install/hthesis3/lib/hthesis3
writing list of installed files to '/home/robotino/ros2_honies_ws/src/hthesis3/build/hthesis3/install.log'
