[2.606s] Invoking command in '/home/robotino/ros2_honies_ws/src/hthesis3': DEBUGINFOD_URLS=https://debuginfod.fedoraproject.org/ PYTHONPATH=/home/robotino/ros2_honies_ws/src/hthesis3/build/hthesis3/prefix_override:/home/robotino/ros2_honies_ws/src/hthesis3/install/hthesis3/lib/python3.11/site-packages:${PYTHONPATH} _=/usr/bin/env __GIT_PROMPT_WITH_USERNAME_AND_REPO=${__GIT_PROMPT_WITH_USERNAME_AND_REPO}
BASH_FUNC_ml%%=() {  eval "$($LMOD_DIR/ml_cmd "$@")"
}
BASH_FUNC_module%%=() {  if [ -z "${LMOD_SH_DBG_ON+x}" ]; then
 case "$-" in
 *v*x*)
 __lmod_sh_dbg='vx'
 ;;
 *v*)
 __lmod_sh_dbg='v'
 ;;
 *x*)
 __lmod_sh_dbg='x'
 ;;
 esac;
 fi;
 if [ -n "${__lmod_sh_dbg:-}" ]; then
 set +$__lmod_sh_dbg;
 echo "Shell debugging temporarily silenced: export LMOD_SH_DBG_ON=1 for Lmod's output" 1>&2;
 fi;
 eval "$($LMOD_CMD shell "$@")" && eval "$(${LMOD_SETTARG_CMD:-:} -s sh)";
 __lmod_my_status=$?;
 if [ -n "${__lmod_sh_dbg:-}" ]; then
 echo "Shell debugging restarted" 1>&2;
 set -$__lmod_sh_dbg;
 fi;
 unset __lmod_sh_dbg;
 return $__lmod_my_status
} /usr/bin/python3 setup.py egg_info --egg-base build/hthesis3 build --build-base /home/robotino/ros2_honies_ws/src/hthesis3/build/hthesis3/build install --record /home/robotino/ros2_honies_ws/src/hthesis3/build/hthesis3/install.log --single-version-externally-managed
[3.845s] running egg_info
[3.933s] writing build/hthesis3/hthesis3.egg-info/PKG-INFO
[4.008s] writing dependency_links to build/hthesis3/hthesis3.egg-info/dependency_links.txt
[4.196s] writing entry points to build/hthesis3/hthesis3.egg-info/entry_points.txt
[4.324s] writing requirements to build/hthesis3/hthesis3.egg-info/requires.txt
[4.391s] writing top-level names to build/hthesis3/hthesis3.egg-info/top_level.txt
[4.500s] reading manifest file 'build/hthesis3/hthesis3.egg-info/SOURCES.txt'
[4.502s] writing manifest file 'build/hthesis3/hthesis3.egg-info/SOURCES.txt'
[4.502s] running build
[4.502s] running build_py
[4.502s] copying hthesis3/inference_test.py -> /home/robotino/ros2_honies_ws/src/hthesis3/build/hthesis3/build/lib/hthesis3
[4.503s] copying hthesis3/tf_sniffer.py -> /home/robotino/ros2_honies_ws/src/hthesis3/build/hthesis3/build/lib/hthesis3
[4.503s] running install
[4.503s] /usr/lib/python3.11/site-packages/setuptools/command/install.py:34: SetuptoolsDeprecationWarning: setup.py install is deprecated. Use build and pip and other standards-based tools.
[4.503s]   warnings.warn(
[4.515s] running install_lib
[4.602s] copying /home/robotino/ros2_honies_ws/src/hthesis3/build/hthesis3/build/lib/hthesis3/inference_test.py -> /home/robotino/ros2_honies_ws/src/hthesis3/install/hthesis3/lib/python3.11/site-packages/hthesis3
[4.602s] copying /home/robotino/ros2_honies_ws/src/hthesis3/build/hthesis3/build/lib/hthesis3/tf_sniffer.py -> /home/robotino/ros2_honies_ws/src/hthesis3/install/hthesis3/lib/python3.11/site-packages/hthesis3
[4.602s] byte-compiling /home/robotino/ros2_honies_ws/src/hthesis3/install/hthesis3/lib/python3.11/site-packages/hthesis3/inference_test.py to inference_test.cpython-311.pyc
[4.605s] byte-compiling /home/robotino/ros2_honies_ws/src/hthesis3/install/hthesis3/lib/python3.11/site-packages/hthesis3/tf_sniffer.py to tf_sniffer.cpython-311.pyc
[4.608s] running install_data
[4.631s] running install_egg_info
[4.718s] removing '/home/robotino/ros2_honies_ws/src/hthesis3/install/hthesis3/lib/python3.11/site-packages/hthesis3-0.0.0-py3.11.egg-info' (and everything under it)
[4.719s] Copying build/hthesis3/hthesis3.egg-info to /home/robotino/ros2_honies_ws/src/hthesis3/install/hthesis3/lib/python3.11/site-packages/hthesis3-0.0.0-py3.11.egg-info
[4.720s] running install_scripts
[4.918s] Installing inference_test script to /home/robotino/ros2_honies_ws/src/hthesis3/install/hthesis3/lib/hthesis3
[4.919s] Installing tf_sniffer script to /home/robotino/ros2_honies_ws/src/hthesis3/install/hthesis3/lib/hthesis3
[4.919s] writing list of installed files to '/home/robotino/ros2_honies_ws/src/hthesis3/build/hthesis3/install.log'
[4.973s] Invoked command in '/home/robotino/ros2_honies_ws/src/hthesis3' returned '0': DEBUGINFOD_URLS=https://debuginfod.fedoraproject.org/ PYTHONPATH=/home/robotino/ros2_honies_ws/src/hthesis3/build/hthesis3/prefix_override:/home/robotino/ros2_honies_ws/src/hthesis3/install/hthesis3/lib/python3.11/site-packages:${PYTHONPATH} _=/usr/bin/env __GIT_PROMPT_WITH_USERNAME_AND_REPO=${__GIT_PROMPT_WITH_USERNAME_AND_REPO}
BASH_FUNC_ml%%=() {  eval "$($LMOD_DIR/ml_cmd "$@")"
}
BASH_FUNC_module%%=() {  if [ -z "${LMOD_SH_DBG_ON+x}" ]; then
 case "$-" in
 *v*x*)
 __lmod_sh_dbg='vx'
 ;;
 *v*)
 __lmod_sh_dbg='v'
 ;;
 *x*)
 __lmod_sh_dbg='x'
 ;;
 esac;
 fi;
 if [ -n "${__lmod_sh_dbg:-}" ]; then
 set +$__lmod_sh_dbg;
 echo "Shell debugging temporarily silenced: export LMOD_SH_DBG_ON=1 for Lmod's output" 1>&2;
 fi;
 eval "$($LMOD_CMD shell "$@")" && eval "$(${LMOD_SETTARG_CMD:-:} -s sh)";
 __lmod_my_status=$?;
 if [ -n "${__lmod_sh_dbg:-}" ]; then
 echo "Shell debugging restarted" 1>&2;
 set -$__lmod_sh_dbg;
 fi;
 unset __lmod_sh_dbg;
 return $__lmod_my_status
} /usr/bin/python3 setup.py egg_info --egg-base build/hthesis3 build --build-base /home/robotino/ros2_honies_ws/src/hthesis3/build/hthesis3/build install --record /home/robotino/ros2_honies_ws/src/hthesis3/build/hthesis3/install.log --single-version-externally-managed
