running egg_info
creating build/hthesis3/hthesis3.egg-info
writing build/hthesis3/hthesis3.egg-info/PKG-INFO
writing dependency_links to build/hthesis3/hthesis3.egg-info/dependency_links.txt
writing entry points to build/hthesis3/hthesis3.egg-info/entry_points.txt
writing requirements to build/hthesis3/hthesis3.egg-info/requires.txt
writing top-level names to build/hthesis3/hthesis3.egg-info/top_level.txt
writing manifest file 'build/hthesis3/hthesis3.egg-info/SOURCES.txt'
reading manifest file 'build/hthesis3/hthesis3.egg-info/SOURCES.txt'
writing manifest file 'build/hthesis3/hthesis3.egg-info/SOURCES.txt'
running build
running build_py
creating /home/robotino/ros2_honies_ws/src/hthesis3/build/hthesis3/build
creating /home/robotino/ros2_honies_ws/src/hthesis3/build/hthesis3/build/lib
creating /home/robotino/ros2_honies_ws/src/hthesis3/build/hthesis3/build/lib/hthesis3
copying hthesis3/__init__.py -> /home/robotino/ros2_honies_ws/src/hthesis3/build/hthesis3/build/lib/hthesis3
copying hthesis3/inference_test.py -> /home/robotino/ros2_honies_ws/src/hthesis3/build/hthesis3/build/lib/hthesis3
copying hthesis3/tf_sniffer.py -> /home/robotino/ros2_honies_ws/src/hthesis3/build/hthesis3/build/lib/hthesis3
running install
/usr/lib/python3.11/site-packages/setuptools/command/install.py:34: SetuptoolsDeprecationWarning: setup.py install is deprecated. Use build and pip and other standards-based tools.
  warnings.warn(
running install_lib
creating /home/robotino/ros2_honies_ws/src/hthesis3/install/hthesis3/lib/python3.11/site-packages/hthesis3
copying /home/robotino/ros2_honies_ws/src/hthesis3/build/hthesis3/build/lib/hthesis3/__init__.py -> /home/robotino/ros2_honies_ws/src/hthesis3/install/hthesis3/lib/python3.11/site-packages/hthesis3
copying /home/robotino/ros2_honies_ws/src/hthesis3/build/hthesis3/build/lib/hthesis3/inference_test.py -> /home/robotino/ros2_honies_ws/src/hthesis3/install/hthesis3/lib/python3.11/site-packages/hthesis3
copying /home/robotino/ros2_honies_ws/src/hthesis3/build/hthesis3/build/lib/hthesis3/tf_sniffer.py -> /home/robotino/ros2_honies_ws/src/hthesis3/install/hthesis3/lib/python3.11/site-packages/hthesis3
byte-compiling /home/robotino/ros2_honies_ws/src/hthesis3/install/hthesis3/lib/python3.11/site-packages/hthesis3/__init__.py to __init__.cpython-311.pyc
byte-compiling /home/robotino/ros2_honies_ws/src/hthesis3/install/hthesis3/lib/python3.11/site-packages/hthesis3/inference_test.py to inference_test.cpython-311.pyc
byte-compiling /home/robotino/ros2_honies_ws/src/hthesis3/install/hthesis3/lib/python3.11/site-packages/hthesis3/tf_sniffer.py to tf_sniffer.cpython-311.pyc
running install_data
creating /home/robotino/ros2_honies_ws/src/hthesis3/install/hthesis3/share/ament_index
creating /home/robotino/ros2_honies_ws/src/hthesis3/install/hthesis3/share/ament_index/resource_index
creating /home/robotino/ros2_honies_ws/src/hthesis3/install/hthesis3/share/ament_index/resource_index/packages
copying resource/hthesis3 -> /home/robotino/ros2_honies_ws/src/hthesis3/install/hthesis3/share/ament_index/resource_index/packages
copying package.xml -> /home/robotino/ros2_honies_ws/src/hthesis3/install/hthesis3/share/hthesis3
running install_egg_info
Copying build/hthesis3/hthesis3.egg-info to /home/robotino/ros2_honies_ws/src/hthesis3/install/hthesis3/lib/python3.11/site-packages/hthesis3-0.0.0-py3.11.egg-info
running install_scripts
Installing inference_test script to /home/robotino/ros2_honies_ws/src/hthesis3/install/hthesis3/lib/hthesis3
Installing tf_sniffer script to /home/robotino/ros2_honies_ws/src/hthesis3/install/hthesis3/lib/hthesis3
writing list of installed files to '/home/robotino/ros2_honies_ws/src/hthesis3/build/hthesis3/install.log'
