[2.039s] Invoking command in '/home/robotino/ros2_honies_ws/src/hthesis3': DEBUGINFOD_URLS=https://debuginfod.fedoraproject.org/ PYTHONPATH=/home/robotino/ros2_honies_ws/src/hthesis3/build/hthesis3/prefix_override:/home/robotino/ros2_honies_ws/src/hthesis3/install/hthesis3/lib/python3.11/site-packages:${PYTHONPATH} _=/usr/bin/env __GIT_PROMPT_WITH_USERNAME_AND_REPO=${__GIT_PROMPT_WITH_USERNAME_AND_REPO}
BASH_FUNC_ml%%=() {  eval "$($LMOD_DIR/ml_cmd "$@")"
}
BASH_FUNC_module%%=() {  if [ -z "${LMOD_SH_DBG_ON+x}" ]; then
 case "$-" in
 *v*x*)
 __lmod_sh_dbg='vx'
 ;;
 *v*)
 __lmod_sh_dbg='v'
 ;;
 *x*)
 __lmod_sh_dbg='x'
 ;;
 esac;
 fi;
 if [ -n "${__lmod_sh_dbg:-}" ]; then
 set +$__lmod_sh_dbg;
 echo "Shell debugging temporarily silenced: export LMOD_SH_DBG_ON=1 for Lmod's output" 1>&2;
 fi;
 eval "$($LMOD_CMD shell "$@")" && eval "$(${LMOD_SETTARG_CMD:-:} -s sh)";
 __lmod_my_status=$?;
 if [ -n "${__lmod_sh_dbg:-}" ]; then
 echo "Shell debugging restarted" 1>&2;
 set -$__lmod_sh_dbg;
 fi;
 unset __lmod_sh_dbg;
 return $__lmod_my_status
} /usr/bin/python3 setup.py egg_info --egg-base build/hthesis3 build --build-base /home/robotino/ros2_honies_ws/src/hthesis3/build/hthesis3/build install --record /home/robotino/ros2_honies_ws/src/hthesis3/build/hthesis3/install.log --single-version-externally-managed
[3.061s] running egg_info
[3.062s] creating build/hthesis3/hthesis3.egg-info
[3.126s] writing build/hthesis3/hthesis3.egg-info/PKG-INFO
[3.180s] writing dependency_links to build/hthesis3/hthesis3.egg-info/dependency_links.txt
[3.360s] writing entry points to build/hthesis3/hthesis3.egg-info/entry_points.txt
[3.475s] writing requirements to build/hthesis3/hthesis3.egg-info/requires.txt
[3.524s] writing top-level names to build/hthesis3/hthesis3.egg-info/top_level.txt
[3.524s] writing manifest file 'build/hthesis3/hthesis3.egg-info/SOURCES.txt'
[3.614s] reading manifest file 'build/hthesis3/hthesis3.egg-info/SOURCES.txt'
[3.616s] writing manifest file 'build/hthesis3/hthesis3.egg-info/SOURCES.txt'
[3.616s] running build
[3.616s] running build_py
[3.616s] creating /home/robotino/ros2_honies_ws/src/hthesis3/build/hthesis3/build
[3.616s] creating /home/robotino/ros2_honies_ws/src/hthesis3/build/hthesis3/build/lib
[3.616s] creating /home/robotino/ros2_honies_ws/src/hthesis3/build/hthesis3/build/lib/hthesis3
[3.616s] copying hthesis3/__init__.py -> /home/robotino/ros2_honies_ws/src/hthesis3/build/hthesis3/build/lib/hthesis3
[3.616s] copying hthesis3/inference_test.py -> /home/robotino/ros2_honies_ws/src/hthesis3/build/hthesis3/build/lib/hthesis3
[3.616s] copying hthesis3/tf_sniffer.py -> /home/robotino/ros2_honies_ws/src/hthesis3/build/hthesis3/build/lib/hthesis3
[3.616s] running install
[3.616s] /usr/lib/python3.11/site-packages/setuptools/command/install.py:34: SetuptoolsDeprecationWarning: setup.py install is deprecated. Use build and pip and other standards-based tools.
[3.617s]   warnings.warn(
[3.623s] running install_lib
[3.700s] creating /home/robotino/ros2_honies_ws/src/hthesis3/install/hthesis3/lib/python3.11/site-packages/hthesis3
[3.700s] copying /home/robotino/ros2_honies_ws/src/hthesis3/build/hthesis3/build/lib/hthesis3/__init__.py -> /home/robotino/ros2_honies_ws/src/hthesis3/install/hthesis3/lib/python3.11/site-packages/hthesis3
[3.700s] copying /home/robotino/ros2_honies_ws/src/hthesis3/build/hthesis3/build/lib/hthesis3/inference_test.py -> /home/robotino/ros2_honies_ws/src/hthesis3/install/hthesis3/lib/python3.11/site-packages/hthesis3
[3.700s] copying /home/robotino/ros2_honies_ws/src/hthesis3/build/hthesis3/build/lib/hthesis3/tf_sniffer.py -> /home/robotino/ros2_honies_ws/src/hthesis3/install/hthesis3/lib/python3.11/site-packages/hthesis3
[3.701s] byte-compiling /home/robotino/ros2_honies_ws/src/hthesis3/install/hthesis3/lib/python3.11/site-packages/hthesis3/__init__.py to __init__.cpython-311.pyc
[3.701s] byte-compiling /home/robotino/ros2_honies_ws/src/hthesis3/install/hthesis3/lib/python3.11/site-packages/hthesis3/inference_test.py to inference_test.cpython-311.pyc
[3.703s] byte-compiling /home/robotino/ros2_honies_ws/src/hthesis3/install/hthesis3/lib/python3.11/site-packages/hthesis3/tf_sniffer.py to tf_sniffer.cpython-311.pyc
[3.705s] running install_data
[3.723s] creating /home/robotino/ros2_honies_ws/src/hthesis3/install/hthesis3/share/ament_index
[3.723s] creating /home/robotino/ros2_honies_ws/src/hthesis3/install/hthesis3/share/ament_index/resource_index
[3.724s] creating /home/robotino/ros2_honies_ws/src/hthesis3/install/hthesis3/share/ament_index/resource_index/packages
[3.724s] copying resource/hthesis3 -> /home/robotino/ros2_honies_ws/src/hthesis3/install/hthesis3/share/ament_index/resource_index/packages
[3.724s] copying package.xml -> /home/robotino/ros2_honies_ws/src/hthesis3/install/hthesis3/share/hthesis3
[3.724s] running install_egg_info
[3.797s] Copying build/hthesis3/hthesis3.egg-info to /home/robotino/ros2_honies_ws/src/hthesis3/install/hthesis3/lib/python3.11/site-packages/hthesis3-0.0.0-py3.11.egg-info
[3.798s] running install_scripts
[3.960s] Installing inference_test script to /home/robotino/ros2_honies_ws/src/hthesis3/install/hthesis3/lib/hthesis3
[3.960s] Installing tf_sniffer script to /home/robotino/ros2_honies_ws/src/hthesis3/install/hthesis3/lib/hthesis3
[3.961s] writing list of installed files to '/home/robotino/ros2_honies_ws/src/hthesis3/build/hthesis3/install.log'
[4.007s] Invoked command in '/home/robotino/ros2_honies_ws/src/hthesis3' returned '0': DEBUGINFOD_URLS=https://debuginfod.fedoraproject.org/ PYTHONPATH=/home/robotino/ros2_honies_ws/src/hthesis3/build/hthesis3/prefix_override:/home/robotino/ros2_honies_ws/src/hthesis3/install/hthesis3/lib/python3.11/site-packages:${PYTHONPATH} _=/usr/bin/env __GIT_PROMPT_WITH_USERNAME_AND_REPO=${__GIT_PROMPT_WITH_USERNAME_AND_REPO}
BASH_FUNC_ml%%=() {  eval "$($LMOD_DIR/ml_cmd "$@")"
}
BASH_FUNC_module%%=() {  if [ -z "${LMOD_SH_DBG_ON+x}" ]; then
 case "$-" in
 *v*x*)
 __lmod_sh_dbg='vx'
 ;;
 *v*)
 __lmod_sh_dbg='v'
 ;;
 *x*)
 __lmod_sh_dbg='x'
 ;;
 esac;
 fi;
 if [ -n "${__lmod_sh_dbg:-}" ]; then
 set +$__lmod_sh_dbg;
 echo "Shell debugging temporarily silenced: export LMOD_SH_DBG_ON=1 for Lmod's output" 1>&2;
 fi;
 eval "$($LMOD_CMD shell "$@")" && eval "$(${LMOD_SETTARG_CMD:-:} -s sh)";
 __lmod_my_status=$?;
 if [ -n "${__lmod_sh_dbg:-}" ]; then
 echo "Shell debugging restarted" 1>&2;
 set -$__lmod_sh_dbg;
 fi;
 unset __lmod_sh_dbg;
 return $__lmod_my_status
} /usr/bin/python3 setup.py egg_info --egg-base build/hthesis3 build --build-base /home/robotino/ros2_honies_ws/src/hthesis3/build/hthesis3/build install --record /home/robotino/ros2_honies_ws/src/hthesis3/build/hthesis3/install.log --single-version-externally-managed
